Arguments: 
  /home/dev/.nvm/versions/node/v16.15.0/bin/node /home/dev/.node/corepack/yarn/1.22.15/bin/yarn.js install

PATH: 
  /home/dev/.nvm/versions/node/v16.15.0/bin:/usr/local/sbin:/usr/local/bin:/usr/sbin:/usr/bin:/sbin:/bin:/usr/games:/usr/local/games:/snap/bin

Yarn version: 
  1.22.15

Node version: 
  16.15.0

Platform: 
  linux x64

Trace: 
  Error: getaddrinfo EAI_AGAIN registry.yarnpkg.com
      at GetAddrInfoReqWrap.onlookup [as oncomplete] (node:dns:71:26)

npm manifest: 
  {
    "name": "aws-node-typescript-rest-api",
    "version": "1.0.0",
    "description": "This is simple REST API example for AWS Lambda By Serverless framwork with TypeScript and MongoDB Atlas.",
    "main": "index.js",
    "scripts": {
      "lint": "eslint \"{app,__tests__}/**/*.ts\" --fix",
      "local:dev": "rimraf .build && export NODE_ENV=dev && serverless offline",
      "deploy": "serverless deploy",
      "test": "cross-env NODE_ENV=dev mocha -r ts-node/register sinon-tests/**/*.test.ts --exit",
      "coverage": "nyc --reporter lcov npm run test",
      "test-jest-envs": "export JEST_JUNIT_OUTPUT_DIR=test-results/jest && export JEST_JUNIT_OUTPUT_FILE=test-results/jest/junit.xml&& jest",
      "test:jest": "jest"
    },
    "pre-commit": [
      "lint"
    ],
    "dependencies": {
      "dotenv": "^8.2.0",
      "mongoose": "^5.9.10",
      "rimraf": "^3.0.2"
    },
    "devDependencies": {
      "@types/aws-lambda": "^8.10.51",
      "@types/chai": "^4.2.11",
      "@types/dotenv-safe": "^8.1.0",
      "@types/jest": "^28.1.4",
      "@types/lambda-tester": "^3.6.0",
      "@types/mocha": "^7.0.2",
      "@types/mongoose": "^5.7.14",
      "@types/sinon": "^9.0.0",
      "@types/supertest": "^2.0.8",
      "@typescript-eslint/eslint-plugin": "^5.30.5",
      "@typescript-eslint/parser": "^5.30.5",
      "chai": "^4.2.0",
      "cross-env": "^7.0.2",
      "eslint": "^8.19.0",
      "eslint-config-airbnb-base": "^15.0.0",
      "eslint-plugin-import": "^2.26.0",
      "istanbul": "^0.4.5",
      "jest": "^28.1.2",
      "jest-junit": "^14.0.0",
      "lambda-tester": "^4.0.1",
      "mocha": "^7.1.2",
      "nyc": "^15.0.1",
      "serverless-offline": "^8.8.1",
      "serverless-plugin-typescript": "^1.1.9",
      "sinon": "^9.0.2",
      "ts-jest": "^28.0.5",
      "ts-node": "^10.8.2",
      "typescript": "^4.7.4"
    },
    "repository": {
      "type": "git",
      "url": "git+https://github.com/Q-Angelo/aws-node-typescript-rest-api.git"
    },
    "keywords": [
      "Nodejs",
      "TypeScript",
      "ServerLess",
      "MongoDB Atlas",
      "AWS Lambda"
    ],
    "author": "May",
    "license": "ISC",
    "bugs": {
      "url": "https://github.com/Q-Angelo/aws-node-typescript-rest-api/issues"
    },
    "homepage": "https://github.com/Q-Angelo/aws-node-typescript-rest-api#readme"
  }

yarn manifest: 
  No manifest

Lockfile: 
  No lockfile
